{
  "RSpec": {
    "coverage": {
      "/Users/Jeremyrrsmith/Coding-Projects/Training_Exercises/cleo-tech-test-vending-machine/spec/vending_machine_spec.rb": [
        1,
        1,
        1,
        null,
        1,
        2,
        null,
        1,
        null,
        2,
        null,
        1,
        1,
        0,
        null,
        null,
        1,
        0,
        0,
        null,
        null,
        null,
        1,
        1,
        0,
        null,
        null,
        1,
        0,
        0,
        null,
        null,
        1,
        0,
        0,
        0,
        0,
        null,
        null,
        null,
        1,
        1,
        0,
        null,
        null,
        1,
        0,
        0,
        null,
        null,
        1,
        0,
        0,
        0,
        null,
        null,
        null,
        1,
        1,
        0,
        0,
        0,
        null,
        null,
        1,
        0,
        0,
        0,
        null,
        null,
        null,
        1,
        1,
        0,
        null,
        null,
        1,
        0,
        0,
        0,
        0,
        null,
        null,
        1,
        0,
        0,
        0,
        0,
        0,
        0,
        null,
        null,
        null,
        1,
        1,
        0,
        0,
        null,
        null,
        1,
        0,
        0,
        null,
        null,
        1,
        0,
        0,
        0,
        0,
        0,
        0,
        0,
        0,
        0,
        null,
        null,
        null,
        1,
        1,
        0,
        null,
        null,
        1,
        0,
        0,
        null,
        null,
        1,
        0,
        0,
        0,
        0,
        0,
        0,
        0,
        0,
        0,
        null,
        null,
        null,
        1,
        1,
        0,
        null,
        null,
        1,
        0,
        0,
        null,
        null,
        1,
        0,
        0,
        0,
        null,
        null,
        null,
        1,
        1,
        0,
        null,
        null,
        1,
        0,
        0,
        null,
        null,
        null,
        1,
        1,
        0,
        0,
        0,
        0,
        0,
        null,
        null,
        1,
        1,
        1,
        1,
        1,
        1,
        1,
        null,
        null,
        null
      ],
      "/Users/Jeremyrrsmith/Coding-Projects/Training_Exercises/cleo-tech-test-vending-machine/lib/vending_machine.rb": [
        null,
        null,
        1,
        1,
        null,
        1,
        1,
        1,
        1,
        null,
        null,
        1,
        2,
        0,
        null,
        2,
        2,
        2,
        2,
        2,
        2,
        0,
        0,
        0,
        0,
        null,
        null,
        null,
        null,
        null,
        1,
        2,
        2,
        16,
        2,
        2,
        2,
        2,
        null,
        null,
        null,
        null,
        null,
        1,
        2,
        2,
        null,
        null,
        null,
        1,
        3,
        3,
        24,
        6,
        6,
        null,
        null,
        3,
        null,
        null,
        1,
        2,
        16,
        2,
        null,
        null,
        null,
        null,
        1,
        0,
        0,
        0,
        null,
        null,
        null,
        null,
        null,
        null,
        1,
        24,
        null,
        2,
        null,
        2,
        null,
        2,
        null,
        5,
        null,
        2,
        null,
        4,
        null,
        5,
        null,
        2,
        null,
        null,
        null,
        1,
        1,
        3,
        null,
        null,
        null,
        1,
        0,
        0,
        0,
        0,
        null,
        null,
        null,
        null,
        1,
        0,
        null,
        null,
        1,
        0,
        0,
        0,
        0,
        0,
        null,
        null,
        null,
        null,
        1,
        0,
        0,
        0,
        0,
        null,
        null,
        0,
        null,
        null,
        1,
        null,
        1,
        0,
        null,
        null,
        1,
        0,
        null,
        null
      ],
      "/Users/Jeremyrrsmith/Coding-Projects/Training_Exercises/cleo-tech-test-vending-machine/lib/product.rb": [
        null,
        1,
        1,
        null,
        1,
        0,
        0,
        null,
        null
      ]
    },
    "timestamp": 1563229516
  }
}
