{
  "RSpec": {
    "coverage": {
      "/Users/Jeremyrrsmith/Coding-Projects/Training_Exercises/cleo-tech-test-vending-machine/spec/feature_spec.rb": [
        1,
        1,
        null,
        1,
        6,
        null,
        3,
        null,
        1,
        null,
        1,
        1,
        1,
        1,
        1,
        null,
        null,
        1,
        1,
        1,
        1,
        1,
        null,
        null,
        1,
        1,
        1,
        1,
        1,
        null,
        null,
        1,
        1,
        1,
        null,
        null,
        1,
        1,
        1,
        1,
        1,
        1,
        1,
        1,
        1,
        1,
        1,
        null,
        null
      ],
      "/Users/Jeremyrrsmith/Coding-Projects/Training_Exercises/cleo-tech-test-vending-machine/lib/vending_machine.rb": [
        null,
        null,
        1,
        1,
        null,
        1,
        26,
        26,
        26,
        null,
        null,
        1,
        2,
        null,
        null,
        1,
        6,
        6,
        48,
        22,
        22,
        null,
        null,
        6,
        null,
        null,
        1,
        13,
        104,
        13,
        null,
        null,
        null,
        null,
        1,
        21,
        168,
        21,
        null,
        null,
        null,
        null,
        null,
        1,
        22,
        null,
        6,
        null,
        2,
        null,
        2,
        null,
        2,
        null,
        3,
        null,
        2,
        null,
        3,
        null,
        2,
        null,
        null,
        null,
        1,
        13,
        38,
        null,
        null,
        null,
        1,
        2,
        2,
        16,
        2,
        null,
        null,
        null,
        1,
        3,
        null,
        null,
        1,
        3,
        3,
        3,
        4,
        4,
        null,
        null,
        null,
        null,
        1,
        6,
        6,
        28,
        18,
        null,
        null,
        6,
        null,
        null,
        1,
        null,
        1,
        3,
        null,
        null,
        1,
        2,
        null,
        null
      ],
      "/Users/Jeremyrrsmith/Coding-Projects/Training_Exercises/cleo-tech-test-vending-machine/lib/product.rb": [
        null,
        1,
        1,
        null,
        1,
        1,
        1,
        null,
        null
      ],
      "/Users/Jeremyrrsmith/Coding-Projects/Training_Exercises/cleo-tech-test-vending-machine/spec/product_spec.rb": [

      ],
      "/Users/Jeremyrrsmith/Coding-Projects/Training_Exercises/cleo-tech-test-vending-machine/spec/vending_machine_spec.rb": [
        1,
        1,
        1,
        null,
        1,
        22,
        null,
        6,
        null,
        6,
        null,
        1,
        1,
        1,
        null,
        null,
        1,
        1,
        1,
        null,
        null,
        null,
        1,
        1,
        1,
        null,
        null,
        1,
        1,
        1,
        null,
        null,
        1,
        1,
        1,
        1,
        1,
        null,
        null,
        null,
        1,
        1,
        1,
        null,
        null,
        1,
        1,
        1,
        null,
        null,
        1,
        1,
        1,
        1,
        null,
        null,
        null,
        1,
        1,
        1,
        1,
        1,
        null,
        null,
        1,
        1,
        1,
        1,
        null,
        null,
        null,
        1,
        1,
        1,
        null,
        null,
        1,
        1,
        1,
        1,
        1,
        null,
        null,
        1,
        1,
        1,
        1,
        1,
        1,
        1,
        null,
        null,
        null,
        1,
        1,
        1,
        1,
        null,
        null,
        1,
        1,
        1,
        null,
        null,
        1,
        1,
        1,
        1,
        1,
        1,
        1,
        1,
        1,
        1,
        null,
        null,
        null,
        1,
        1,
        1,
        null,
        null,
        1,
        1,
        1,
        null,
        null,
        1,
        1,
        1,
        1,
        1,
        1,
        1,
        1,
        1,
        1,
        null,
        null,
        null,
        1,
        1,
        1,
        null,
        null,
        1,
        1,
        1,
        1,
        null,
        null,
        null
      ]
    },
    "timestamp": 1563211305
  }
}
